0 info it worked if it ends with ok
1 verbose cli [ '/home/wn/app/node-v4.4.4-linux-x86/bin/node',
1 verbose cli   '/usr/local/bin/npm',
1 verbose cli   'run',
1 verbose cli   'karma' ]
2 info using npm@2.15.1
3 info using node@v4.4.4
4 verbose run-script [ 'prekarma', 'karma', 'postkarma' ]
5 info prekarma fd-test-ci@1.0.0
6 info karma fd-test-ci@1.0.0
7 verbose unsafe-perm in lifecycle true
8 info fd-test-ci@1.0.0 Failed to exec karma script
9 verbose stack Error: fd-test-ci@1.0.0 karma: `./node_modules/karma/bin/karma start --single-run`
9 verbose stack Exit status 1
9 verbose stack     at EventEmitter.<anonymous> (/home/wn/app/node-v4.4.4-linux-x86/lib/node_modules/npm/lib/utils/lifecycle.js:217:16)
9 verbose stack     at emitTwo (events.js:87:13)
9 verbose stack     at EventEmitter.emit (events.js:172:7)
9 verbose stack     at ChildProcess.<anonymous> (/home/wn/app/node-v4.4.4-linux-x86/lib/node_modules/npm/lib/utils/spawn.js:24:14)
9 verbose stack     at emitTwo (events.js:87:13)
9 verbose stack     at ChildProcess.emit (events.js:172:7)
9 verbose stack     at maybeClose (internal/child_process.js:827:16)
9 verbose stack     at Process.ChildProcess._handle.onexit (internal/child_process.js:211:5)
10 verbose pkgid fd-test-ci@1.0.0
11 verbose cwd /mnt/hgfs/fd/www/fd-test-ci
12 error Linux 2.6.32-74-generic
13 error argv "/home/wn/app/node-v4.4.4-linux-x86/bin/node" "/usr/local/bin/npm" "run" "karma"
14 error node v4.4.4
15 error npm  v2.15.1
16 error code ELIFECYCLE
17 error fd-test-ci@1.0.0 karma: `./node_modules/karma/bin/karma start --single-run`
17 error Exit status 1
18 error Failed at the fd-test-ci@1.0.0 karma script './node_modules/karma/bin/karma start --single-run'.
18 error This is most likely a problem with the fd-test-ci package,
18 error not with npm itself.
18 error Tell the author that this fails on your system:
18 error     ./node_modules/karma/bin/karma start --single-run
18 error You can get information on how to open an issue for this project with:
18 error     npm bugs fd-test-ci
18 error Or if that isn't available, you can get their info via:
18 error
18 error     npm owner ls fd-test-ci
18 error There is likely additional logging output above.
19 verbose exit [ 1, true ]
